#
# A fatal error has been detected by the Java Runtime Environment:
#
#  Internal Error (javaClasses.cpp:126), pid=16076, tid=21872
#  fatal error: Invalid layout of preloaded class
#
# JRE version:  (8.0_25-b18) (build )
# Java VM: Java HotSpot(TM) 64-Bit Server VM (25.25-b02 mixed mode windows-amd64 compressed oops)
# Failed to write core dump. Minidumps are not enabled by default on client versions of Windows
#
# If you would like to submit a bug report, please visit:
#   http://bugreport.sun.com/bugreport/crash.jsp
#

---------------  T H R E A D  ---------------

Current thread (0x0000000001f30800):  JavaThread "Unknown thread" [_thread_in_vm, id=21872, stack(0x0000000001dc0000,0x0000000001ec0000)]

Stack: [0x0000000001dc0000,0x0000000001ec0000]
Native frames: (J=compiled Java code, j=interpreted, Vv=VM code, C=native code)
V  [jvm.dll+0x31667a]
V  [jvm.dll+0x267073]
V  [jvm.dll+0x267cb3]
V  [jvm.dll+0x25f536]
V  [jvm.dll+0x5e773]
V  [jvm.dll+0x5e863]
V  [jvm.dll+0x731ca]
V  [jvm.dll+0x73528]
V  [jvm.dll+0xe48b7]
V  [jvm.dll+0xe4c46]
V  [jvm.dll+0x1f9ae7]
V  [jvm.dll+0x22b2e4]
V  [jvm.dll+0x14d571]
C  [javaw.exe+0x20c6]
C  [javaw.exe+0xc9eb]
C  [javaw.exe+0xca7f]
C  [KERNEL32.DLL+0x16ad]
C  [ntdll.dll+0x54409]


---------------  P R O C E S S  ---------------

Java Threads: ( => current thread )

Other Threads:

=>0x0000000001f30800 (exited) JavaThread "Unknown thread" [_thread_in_vm, id=21872, stack(0x0000000001dc0000,0x0000000001ec0000)]

VM state:not at safepoint (not fully initialized)

VM Mutex/Monitor currently owned by a thread: None

GC Heap History (0 events):
No events

Deoptimization events (0 events):
No events

Internal exceptions (0 events):
No events

Events (10 events):
Event: 0.034 loading class java/lang/CharSequence done
Event: 0.036 loading class java/lang/String done
Event: 0.036 loading class java/lang/Class
Event: 0.036 loading class java/lang/reflect/AnnotatedElement
Event: 0.039 loading class java/lang/reflect/AnnotatedElement done
Event: 0.039 loading class java/lang/reflect/GenericDeclaration
Event: 0.039 loading class java/lang/reflect/GenericDeclaration done
Event: 0.039 loading class java/lang/reflect/Type
Event: 0.039 loading class java/lang/reflect/Type done
Event: 0.040 loading class java/lang/Class done


Dynamic libraries:
0x00007ff6d7f50000 - 0x00007ff6d7f84000 	C:\Program Files\Java\jre1.8.0_25\bin\javaw.exe
0x00007ff8d22f0000 - 0x00007ff8d2496000 	C:\Windows\SYSTEM32\ntdll.dll
0x00007ff8d06f0000 - 0x00007ff8d082a000 	C:\Windows\system32\KERNEL32.DLL
0x00007ff8cf740000 - 0x00007ff8cf84f000 	C:\Windows\system32\KERNELBASE.dll
0x00007ff8ce2b0000 - 0x00007ff8ce338000 	C:\Windows\system32\apphelp.dll
0x00007ff8c3f70000 - 0x00007ff8c3fbf000 	C:\Windows\AppPatch\AppPatch64\AcGenral.DLL
0x00007ff8d0070000 - 0x00007ff8d0117000 	C:\Windows\system32\msvcrt.dll
0x00007ff8cf450000 - 0x00007ff8cf47b000 	C:\Windows\SYSTEM32\SspiCli.dll
0x00007ff8d04f0000 - 0x00007ff8d0541000 	C:\Windows\system32\SHLWAPI.dll
0x00007ff8d0300000 - 0x00007ff8d0471000 	C:\Windows\system32\USER32.dll
0x00007ff8cfd20000 - 0x00007ff8cfe98000 	C:\Windows\system32\ole32.dll
0x00007ff8d0830000 - 0x00007ff8d1c3f000 	C:\Windows\system32\SHELL32.dll
0x00007ff8cec70000 - 0x00007ff8cec8e000 	C:\Windows\SYSTEM32\USERENV.dll
0x00007ff8d1cf0000 - 0x00007ff8d1d95000 	C:\Windows\system32\ADVAPI32.dll
0x00007ff8c37e0000 - 0x00007ff8c37fb000 	C:\Windows\SYSTEM32\MPR.dll
0x00007ff8d05b0000 - 0x00007ff8d06e7000 	C:\Windows\system32\RPCRT4.dll
0x00007ff8cfeb0000 - 0x00007ff8cff07000 	C:\Windows\SYSTEM32\sechost.dll
0x00007ff8d1f50000 - 0x00007ff8d2126000 	C:\Windows\SYSTEM32\combase.dll
0x00007ff8d21a0000 - 0x00007ff8d22e4000 	C:\Windows\system32\GDI32.dll
0x00007ff8cf670000 - 0x00007ff8cf684000 	C:\Windows\SYSTEM32\profapi.dll
0x00007ff8cdcc0000 - 0x00007ff8cdd5f000 	C:\Windows\SYSTEM32\SHCORE.dll
0x00007ff8d1da0000 - 0x00007ff8d1dd4000 	C:\Windows\system32\IMM32.DLL
0x00007ff8cff30000 - 0x00007ff8d0069000 	C:\Windows\system32\MSCTF.dll
0x00007ff8ccda0000 - 0x00007ff8ccffa000 	C:\Windows\WinSxS\amd64_microsoft.windows.common-controls_6595b64144ccf1df_6.0.9600.17031_none_6242a4b3ecbb55a1\COMCTL32.dll
0x00000000563f0000 - 0x00000000564c2000 	C:\Program Files\Java\jre1.8.0_25\bin\msvcr100.dll
0x0000000056530000 - 0x0000000056d8a000 	C:\Program Files\Java\jre1.8.0_25\bin\server\jvm.dll
0x00007ff8cd920000 - 0x00007ff8cd929000 	C:\Windows\SYSTEM32\WSOCK32.dll
0x00007ff8cd890000 - 0x00007ff8cd8af000 	C:\Windows\SYSTEM32\WINMM.dll
0x00007ff8cfea0000 - 0x00007ff8cfea7000 	C:\Windows\system32\PSAPI.DLL
0x00007ff8d0480000 - 0x00007ff8d04d8000 	C:\Windows\system32\WS2_32.dll
0x00007ff8cd860000 - 0x00007ff8cd88a000 	C:\Windows\SYSTEM32\WINMMBASE.dll
0x00007ff8d04e0000 - 0x00007ff8d04e9000 	C:\Windows\system32\NSI.dll
0x00007ff8cfb30000 - 0x00007ff8cfb7a000 	C:\Windows\SYSTEM32\cfgmgr32.dll
0x00007ff8ce520000 - 0x00007ff8ce546000 	C:\Windows\SYSTEM32\DEVOBJ.dll
0x0000000057920000 - 0x000000005792f000 	C:\Program Files\Java\jre1.8.0_25\bin\verify.dll
0x00000000578f0000 - 0x0000000057918000 	C:\Program Files\Java\jre1.8.0_25\bin\java.dll
0x0000000056510000 - 0x0000000056526000 	C:\Program Files\Java\jre1.8.0_25\bin\zip.dll
0x00007ff8cb520000 - 0x00007ff8cb6a8000 	C:\Windows\SYSTEM32\dbghelp.dll

VM Arguments:
jvm_args: -Dfile.encoding=Cp1252 -Xbootclasspath:C:\Users\Tyler\Desktop\School\adt-bundle-windows-x86_64-20140702\sdk\platforms\android-20\android.jar 
java_command: org.scrumptious.blackeye.CastParser
java_class_path (initial): C:\Users\Tyler\Desktop\Blackeye\Blackeye\bin\classes;C:\Users\Tyler\Desktop\Blackeye\Blackeye\libs\android-support-v4.jar;C:\Users\Tyler\Desktop\Blackeye\appcompat_v7\libs\android-support-v7-appcompat.jar;C:\Users\Tyler\Desktop\Blackeye\appcompat_v7\bin\appcompat_v7.jar
Launcher Type: SUN_STANDARD

Environment Variables:
PATH=C:/Program Files/Java/jre1.8.0_25/bin/server;C:/Program Files/Java/jre1.8.0_25/bin;C:/Program Files/Java/jre1.8.0_25/lib/amd64;C:\ProgramData\Oracle\Java\javapath;C:\Program Files (x86)\NVIDIA Corporation\PhysX\Common;C:\Windows\system32;C:\Windows;C:\Windows\System32\Wbem;C:\Windows\System32\WindowsPowerShell\v1.0\;C:\Program Files\Hewlett-Packard\SimplePass\;C:\Program Files (x86)\ATI Technologies\ATI.ACE\Core-Static;C:\Program Files (x86)\OpenVPN\bin;C:\Users\Tyler\Desktop\School\adt-bundle-windows-x86_64-20140702\eclipse;
USERNAME=Tyler
OS=Windows_NT
PROCESSOR_IDENTIFIER=AMD64 Family 21 Model 19 Stepping 1, AuthenticAMD



---------------  S Y S T E M  ---------------

OS: Windows 8.1 , 64 bit Build 9600 

CPU:total 4 (4 cores per cpu, 1 threads per core) family 21 model 19 stepping 1, cmov, cx8, fxsr, mmx, sse, sse2, sse3, ssse3, sse4.1, sse4.2, popcnt, avx, aes, clmul, mmxext, 3dnowpref, lzcnt, sse4a, tsc, tscinvbit, tscinv, bmi1

Memory: 4k page, physical 7542024k(2899892k free), swap 11605256k(5374756k free)

vm_info: Java HotSpot(TM) 64-Bit Server VM (25.25-b02) for windows-amd64 JRE (1.8.0_25-b18), built on Oct  7 2014 14:25:37 by "java_re" with MS VC++ 10.0 (VS2010)

time: Thu Oct 23 10:43:13 2014
elapsed time: 0 seconds (0d 0h 0m 0s)

